<?xml version="1.0" encoding="UTF-8"?>
<testsuite xmlns:xsi="http://www.w3.org/2001/XMLSchema-instance" xsi:noNamespaceSchemaLocation="https://maven.apache.org/surefire/maven-surefire-plugin/xsd/surefire-test-report.xsd" name="com.oocl.AppTest" time="0.023" tests="1" errors="0" skipped="0" failures="0">
  <properties>
    <property name="sun.desktop" value="windows"/>
    <property name="awt.toolkit" value="sun.awt.windows.WToolkit"/>
    <property name="file.encoding.pkg" value="sun.io"/>
    <property name="java.specification.version" value="1.8"/>
    <property name="sun.cpu.isalist" value="pentium_pro+mmx pentium_pro pentium+mmx pentium i486 i386 i86"/>
    <property name="sun.jnu.encoding" value="Cp1252"/>
    <property name="java.class.path" value="D:\idea_workspace\springbootdataredis\target\test-classes;D:\idea_workspace\springbootdataredis\target\classes;D:\maven_repository\junit\junit\4.11\junit-4.11.jar;D:\maven_repository\org\hamcrest\hamcrest-core\1.3\hamcrest-core-1.3.jar;D:\maven_repository\org\redisson\redisson\3.15.6\redisson-3.15.6.jar;D:\maven_repository\io\netty\netty-common\4.1.65.Final\netty-common-4.1.65.Final.jar;D:\maven_repository\io\netty\netty-codec\4.1.65.Final\netty-codec-4.1.65.Final.jar;D:\maven_repository\io\netty\netty-buffer\4.1.65.Final\netty-buffer-4.1.65.Final.jar;D:\maven_repository\io\netty\netty-transport\4.1.65.Final\netty-transport-4.1.65.Final.jar;D:\maven_repository\io\netty\netty-resolver\4.1.65.Final\netty-resolver-4.1.65.Final.jar;D:\maven_repository\io\netty\netty-resolver-dns\4.1.65.Final\netty-resolver-dns-4.1.65.Final.jar;D:\maven_repository\io\netty\netty-codec-dns\4.1.65.Final\netty-codec-dns-4.1.65.Final.jar;D:\maven_repository\io\netty\netty-handler\4.1.65.Final\netty-handler-4.1.65.Final.jar;D:\maven_repository\javax\cache\cache-api\1.0.0\cache-api-1.0.0.jar;D:\maven_repository\io\projectreactor\reactor-core\3.4.4\reactor-core-3.4.4.jar;D:\maven_repository\org\reactivestreams\reactive-streams\1.0.3\reactive-streams-1.0.3.jar;D:\maven_repository\io\reactivex\rxjava3\rxjava\3.0.12\rxjava-3.0.12.jar;D:\maven_repository\org\jboss\marshalling\jboss-marshalling-river\2.0.11.Final\jboss-marshalling-river-2.0.11.Final.jar;D:\maven_repository\org\jboss\marshalling\jboss-marshalling\2.0.11.Final\jboss-marshalling-2.0.11.Final.jar;D:\maven_repository\org\slf4j\slf4j-api\1.7.30\slf4j-api-1.7.30.jar;D:\maven_repository\org\yaml\snakeyaml\1.27\snakeyaml-1.27.jar;D:\maven_repository\com\fasterxml\jackson\dataformat\jackson-dataformat-yaml\2.12.1\jackson-dataformat-yaml-2.12.1.jar;D:\maven_repository\com\fasterxml\jackson\core\jackson-core\2.12.1\jackson-core-2.12.1.jar;D:\maven_repository\com\fasterxml\jackson\core\jackson-databind\2.12.1\jackson-databind-2.12.1.jar;D:\maven_repository\com\fasterxml\jackson\core\jackson-annotations\2.12.1\jackson-annotations-2.12.1.jar;D:\maven_repository\net\bytebuddy\byte-buddy\1.11.0\byte-buddy-1.11.0.jar;D:\maven_repository\org\jodd\jodd-bean\5.1.6\jodd-bean-5.1.6.jar;D:\maven_repository\org\jodd\jodd-core\5.1.6\jodd-core-5.1.6.jar;D:\maven_repository\org\springframework\boot\spring-boot-starter\2.4.8\spring-boot-starter-2.4.8.jar;D:\maven_repository\org\springframework\boot\spring-boot\2.4.8\spring-boot-2.4.8.jar;D:\maven_repository\org\springframework\spring-context\5.3.8\spring-context-5.3.8.jar;D:\maven_repository\org\springframework\spring-aop\5.3.8\spring-aop-5.3.8.jar;D:\maven_repository\org\springframework\spring-beans\5.3.8\spring-beans-5.3.8.jar;D:\maven_repository\org\springframework\spring-expression\5.3.8\spring-expression-5.3.8.jar;D:\maven_repository\org\springframework\boot\spring-boot-autoconfigure\2.4.8\spring-boot-autoconfigure-2.4.8.jar;D:\maven_repository\org\springframework\boot\spring-boot-starter-logging\2.4.8\spring-boot-starter-logging-2.4.8.jar;D:\maven_repository\ch\qos\logback\logback-classic\1.2.3\logback-classic-1.2.3.jar;D:\maven_repository\ch\qos\logback\logback-core\1.2.3\logback-core-1.2.3.jar;D:\maven_repository\org\apache\logging\log4j\log4j-to-slf4j\2.13.3\log4j-to-slf4j-2.13.3.jar;D:\maven_repository\org\apache\logging\log4j\log4j-api\2.13.3\log4j-api-2.13.3.jar;D:\maven_repository\org\slf4j\jul-to-slf4j\1.7.31\jul-to-slf4j-1.7.31.jar;D:\maven_repository\jakarta\annotation\jakarta.annotation-api\1.3.5\jakarta.annotation-api-1.3.5.jar;D:\maven_repository\org\springframework\spring-core\5.3.8\spring-core-5.3.8.jar;D:\maven_repository\org\springframework\spring-jcl\5.3.8\spring-jcl-5.3.8.jar;D:\maven_repository\org\springframework\boot\spring-boot-configuration-processor\2.4.8\spring-boot-configuration-processor-2.4.8.jar;"/>
    <property name="java.vm.vendor" value="Oracle Corporation"/>
    <property name="sun.arch.data.model" value="32"/>
    <property name="user.variant" value=""/>
    <property name="java.vendor.url" value="http://java.oracle.com/"/>
    <property name="user.timezone" value="Asia/Shanghai"/>
    <property name="java.vm.specification.version" value="1.8"/>
    <property name="os.name" value="Windows 10"/>
    <property name="user.country" value="US"/>
    <property name="sun.java.launcher" value="SUN_STANDARD"/>
    <property name="sun.boot.library.path" value="C:\Program Files (x86)\Java\jdk1.8.0_261\jre\bin"/>
    <property name="sun.java.command" value="C:\Users\LIUJA11\AppData\Local\Temp\surefire8208127577542261120\surefirebooter151978134944633002.jar C:\Users\LIUJA11\AppData\Local\Temp\surefire8208127577542261120 2021-07-20T09-26-42_344-jvmRun1 surefire1148357842011945686tmp surefire_02503642835278864665tmp"/>
    <property name="surefire.test.class.path" value="D:\idea_workspace\springbootdataredis\target\test-classes;D:\idea_workspace\springbootdataredis\target\classes;D:\maven_repository\junit\junit\4.11\junit-4.11.jar;D:\maven_repository\org\hamcrest\hamcrest-core\1.3\hamcrest-core-1.3.jar;D:\maven_repository\org\redisson\redisson\3.15.6\redisson-3.15.6.jar;D:\maven_repository\io\netty\netty-common\4.1.65.Final\netty-common-4.1.65.Final.jar;D:\maven_repository\io\netty\netty-codec\4.1.65.Final\netty-codec-4.1.65.Final.jar;D:\maven_repository\io\netty\netty-buffer\4.1.65.Final\netty-buffer-4.1.65.Final.jar;D:\maven_repository\io\netty\netty-transport\4.1.65.Final\netty-transport-4.1.65.Final.jar;D:\maven_repository\io\netty\netty-resolver\4.1.65.Final\netty-resolver-4.1.65.Final.jar;D:\maven_repository\io\netty\netty-resolver-dns\4.1.65.Final\netty-resolver-dns-4.1.65.Final.jar;D:\maven_repository\io\netty\netty-codec-dns\4.1.65.Final\netty-codec-dns-4.1.65.Final.jar;D:\maven_repository\io\netty\netty-handler\4.1.65.Final\netty-handler-4.1.65.Final.jar;D:\maven_repository\javax\cache\cache-api\1.0.0\cache-api-1.0.0.jar;D:\maven_repository\io\projectreactor\reactor-core\3.4.4\reactor-core-3.4.4.jar;D:\maven_repository\org\reactivestreams\reactive-streams\1.0.3\reactive-streams-1.0.3.jar;D:\maven_repository\io\reactivex\rxjava3\rxjava\3.0.12\rxjava-3.0.12.jar;D:\maven_repository\org\jboss\marshalling\jboss-marshalling-river\2.0.11.Final\jboss-marshalling-river-2.0.11.Final.jar;D:\maven_repository\org\jboss\marshalling\jboss-marshalling\2.0.11.Final\jboss-marshalling-2.0.11.Final.jar;D:\maven_repository\org\slf4j\slf4j-api\1.7.30\slf4j-api-1.7.30.jar;D:\maven_repository\org\yaml\snakeyaml\1.27\snakeyaml-1.27.jar;D:\maven_repository\com\fasterxml\jackson\dataformat\jackson-dataformat-yaml\2.12.1\jackson-dataformat-yaml-2.12.1.jar;D:\maven_repository\com\fasterxml\jackson\core\jackson-core\2.12.1\jackson-core-2.12.1.jar;D:\maven_repository\com\fasterxml\jackson\core\jackson-databind\2.12.1\jackson-databind-2.12.1.jar;D:\maven_repository\com\fasterxml\jackson\core\jackson-annotations\2.12.1\jackson-annotations-2.12.1.jar;D:\maven_repository\net\bytebuddy\byte-buddy\1.11.0\byte-buddy-1.11.0.jar;D:\maven_repository\org\jodd\jodd-bean\5.1.6\jodd-bean-5.1.6.jar;D:\maven_repository\org\jodd\jodd-core\5.1.6\jodd-core-5.1.6.jar;D:\maven_repository\org\springframework\boot\spring-boot-starter\2.4.8\spring-boot-starter-2.4.8.jar;D:\maven_repository\org\springframework\boot\spring-boot\2.4.8\spring-boot-2.4.8.jar;D:\maven_repository\org\springframework\spring-context\5.3.8\spring-context-5.3.8.jar;D:\maven_repository\org\springframework\spring-aop\5.3.8\spring-aop-5.3.8.jar;D:\maven_repository\org\springframework\spring-beans\5.3.8\spring-beans-5.3.8.jar;D:\maven_repository\org\springframework\spring-expression\5.3.8\spring-expression-5.3.8.jar;D:\maven_repository\org\springframework\boot\spring-boot-autoconfigure\2.4.8\spring-boot-autoconfigure-2.4.8.jar;D:\maven_repository\org\springframework\boot\spring-boot-starter-logging\2.4.8\spring-boot-starter-logging-2.4.8.jar;D:\maven_repository\ch\qos\logback\logback-classic\1.2.3\logback-classic-1.2.3.jar;D:\maven_repository\ch\qos\logback\logback-core\1.2.3\logback-core-1.2.3.jar;D:\maven_repository\org\apache\logging\log4j\log4j-to-slf4j\2.13.3\log4j-to-slf4j-2.13.3.jar;D:\maven_repository\org\apache\logging\log4j\log4j-api\2.13.3\log4j-api-2.13.3.jar;D:\maven_repository\org\slf4j\jul-to-slf4j\1.7.31\jul-to-slf4j-1.7.31.jar;D:\maven_repository\jakarta\annotation\jakarta.annotation-api\1.3.5\jakarta.annotation-api-1.3.5.jar;D:\maven_repository\org\springframework\spring-core\5.3.8\spring-core-5.3.8.jar;D:\maven_repository\org\springframework\spring-jcl\5.3.8\spring-jcl-5.3.8.jar;D:\maven_repository\org\springframework\boot\spring-boot-configuration-processor\2.4.8\spring-boot-configuration-processor-2.4.8.jar;"/>
    <property name="sun.cpu.endian" value="little"/>
    <property name="user.home" value="C:\Users\LIUJA11"/>
    <property name="user.language" value="en"/>
    <property name="java.specification.vendor" value="Oracle Corporation"/>
    <property name="idea.version2019.2.2" value="true"/>
    <property name="java.home" value="C:\Program Files (x86)\Java\jdk1.8.0_261\jre"/>
    <property name="basedir" value="D:\idea_workspace\springbootdataredis"/>
    <property name="file.separator" value="\"/>
    <property name="line.separator" value="&#10;"/>
    <property name="java.vm.specification.vendor" value="Oracle Corporation"/>
    <property name="java.specification.name" value="Java Platform API Specification"/>
    <property name="java.awt.graphicsenv" value="sun.awt.Win32GraphicsEnvironment"/>
    <property name="surefire.real.class.path" value="C:\Users\LIUJA11\AppData\Local\Temp\surefire8208127577542261120\surefirebooter151978134944633002.jar"/>
    <property name="sun.boot.class.path" value="C:\Program Files (x86)\Java\jdk1.8.0_261\jre\lib\resources.jar;C:\Program Files (x86)\Java\jdk1.8.0_261\jre\lib\rt.jar;C:\Program Files (x86)\Java\jdk1.8.0_261\jre\lib\sunrsasign.jar;C:\Program Files (x86)\Java\jdk1.8.0_261\jre\lib\jsse.jar;C:\Program Files (x86)\Java\jdk1.8.0_261\jre\lib\jce.jar;C:\Program Files (x86)\Java\jdk1.8.0_261\jre\lib\charsets.jar;C:\Program Files (x86)\Java\jdk1.8.0_261\jre\lib\jfr.jar;C:\Program Files (x86)\Java\jdk1.8.0_261\jre\classes"/>
    <property name="user.script" value=""/>
    <property name="sun.management.compiler" value="HotSpot Client Compiler"/>
    <property name="java.runtime.version" value="1.8.0_261-b12"/>
    <property name="user.name" value="LIUJA11"/>
    <property name="path.separator" value=";"/>
    <property name="os.version" value="10.0"/>
    <property name="java.endorsed.dirs" value="C:\Program Files (x86)\Java\jdk1.8.0_261\jre\lib\endorsed"/>
    <property name="java.runtime.name" value="Java(TM) SE Runtime Environment"/>
    <property name="file.encoding" value="Cp1252"/>
    <property name="java.vm.name" value="Java HotSpot(TM) Client VM"/>
    <property name="localRepository" value="D:\maven_repository"/>
    <property name="java.vendor.url.bug" value="http://bugreport.sun.com/bugreport/"/>
    <property name="java.io.tmpdir" value="C:\Users\LIUJA11\AppData\Local\Temp\"/>
    <property name="java.version" value="1.8.0_261"/>
    <property name="user.dir" value="D:\idea_workspace\springbootdataredis"/>
    <property name="os.arch" value="x86"/>
    <property name="java.vm.specification.name" value="Java Virtual Machine Specification"/>
    <property name="java.awt.printerjob" value="sun.awt.windows.WPrinterJob"/>
    <property name="sun.os.patch.level" value=""/>
    <property name="java.library.path" value="C:\Program Files (x86)\Java\jdk1.8.0_261\jre\bin;C:\WINDOWS\Sun\Java\bin;C:\WINDOWS\system32;C:\WINDOWS;D:\app\Oracle_home\product\11.2.0\dbhome_1\bin;D:\app\LIUJA11\product\11.2.0\dbhome_2\bin;C:\Program Files\Java\jdk1.8.0_261\bin;C:\Program Files\Java\jdk1.8.0_261\jre\bin;C:\Program Files (x86)\Common Files\Oracle\Java\javapath;C:\Oracle\Middleware\Oracle_Home\oracle_common\modules\thirdparty\org.apache.ant\1.10.5.0.0\apache-ant-1.10.5\bin;D:\maven\bin;C:\WINDOWS\system32;C:\WINDOWS;C:\WINDOWS\System32\Wbem;C:\WINDOWS\System32\WindowsPowerShell\v1.0\;C:\WINDOWS\System32\OpenSSH\;C:\Program Files\nodejs\;C:\Program Files\Git\cmd;D:\gradle-5.5\bin\;C:\Program Files (x86)\GitExtensions\;C:\Program Files\erl10.5\bin;D:\googleDownload\mysql-8.0.18-winx64\bin;D:\apache-tomcat-8.5.31-windows-x64\apache-tomcat-8.5.31\bin;C:\Program Files\dotnet\;C:\Program Files\Microsoft SQL Server\130\Tools\Binn\;C:\Program Files\Microsoft SQL Server\Client SDK\ODBC\170\Tools\Binn\;D:\googleDownload\mysql-8.0.18-winx64\bin;C:\Program Files\Docker\Docker\resources\bin;C:\ProgramData\DockerDesktop\version-bin;C:\Program Files (x86)\Sennheiser\SoftphoneSDK\;C:\Oracle\Middleware\Oracle_Home\oracle_common\modules\thirdparty\org.apache.ant\1.10.5.0.0\apache-ant-1.10.5\bin;C:\Program Files\PuTTY\;C:\Users\LIUJA11\AppData\Local\Programs\Python\Python38\Scripts\;C:\Users\LIUJA11\AppData\Local\Programs\Python\Python38\;C:\Users\LIUJA11\AppData\Local\Microsoft\WindowsApps;C:\Users\LIUJA11\AppData\Roaming\npm;C:\Program Files\Microsoft VS Code\bin;C:\Program Files\JetBrains\IntelliJ IDEA 2019.2.2\bin;C:\Users\LIUJA11\.dotnet\tools;C:\Users\LIUJA11\AppData\Local\Microsoft\WindowsApps;C:\Users\LIUJA11\.dotnet\tools;C:\Program Files\JetBrains\PyCharm 2020.2.3\bin;;."/>
    <property name="java.vm.info" value="mixed mode"/>
    <property name="java.vendor" value="Oracle Corporation"/>
    <property name="java.vm.version" value="25.261-b12"/>
    <property name="java.ext.dirs" value="C:\Program Files (x86)\Java\jdk1.8.0_261\jre\lib\ext;C:\WINDOWS\Sun\Java\lib\ext"/>
    <property name="sun.io.unicode.encoding" value="UnicodeLittle"/>
    <property name="maven.repo.local" value="D:\maven_repository"/>
    <property name="java.class.version" value="52.0"/>
  </properties>
  <testcase name="shouldAnswerWithTrue" classname="com.oocl.AppTest" time="0.001"/>
</testsuite>